<?xml version="1.0" encoding="UTF-8"?>
<!-- Generated by org.testng.reporters.JUnitXMLReporter -->
<testsuite hostname="Avin" name="ReviewQueue Search" tests="8" failures="3" timestamp="20 Jun 2016 09:54:22 GMT" time="110.029" errors="0">
  <testcase name="testReviewQueueSearchResults" time="12.602" classname="test1.TestReviewQueueResults"/>
  <testcase name="testReviewQueueSearchResults" time="11.877" classname="test1.TestReviewQueueResults"/>
  <testcase name="testReviewQueueSearchResults" time="11.858" classname="test1.TestReviewQueueResults"/>
  <testcase name="testReviewQueueSearchResults" time="11.921" classname="test1.TestReviewQueueResults"/>
  <testcase name="testReviewQueueSearchResults" time="6.606" classname="test1.TestReviewQueueResults">
    <failure type="java.lang.AssertionError" message="Actual Results::::0Expected Results2">
      <![CDATA[java.lang.AssertionError: Actual Results::::0Expected Results2
	at SupervisorAPI.ReviewQueueSearch.compare_hped_kwys(Unknown Source)
	at test1.TestReviewQueueResults.testReviewQueueSearchResults(Unknown Source)
... Removed 25 stack frames]]>
    </failure>
  </testcase> <!-- testReviewQueueSearchResults -->
  <testcase name="testReviewQueueSearchResults" time="6.489" classname="test1.TestReviewQueueResults">
    <failure type="java.lang.AssertionError" message="Actual Results::::0Expected Results37">
      <![CDATA[java.lang.AssertionError: Actual Results::::0Expected Results37
	at SupervisorAPI.ReviewQueueSearch.compare_hped_kwys(Unknown Source)
	at test1.TestReviewQueueResults.testReviewQueueSearchResults(Unknown Source)
... Removed 25 stack frames]]>
    </failure>
  </testcase> <!-- testReviewQueueSearchResults -->
  <testcase name="testReviewQueueSearchResults" time="12.021" classname="test1.TestReviewQueueResults"/>
  <testcase name="testReviewQueueSearchResults" time="5.71" classname="test1.TestReviewQueueResults">
    <failure type="java.lang.AssertionError" message="Actual Results::::150Expected Results144">
      <![CDATA[java.lang.AssertionError: Actual Results::::150Expected Results144
	at SupervisorAPI.ReviewQueueSearch.compare_hped_kwys(Unknown Source)
	at test1.TestReviewQueueResults.testReviewQueueSearchResults(Unknown Source)
... Removed 25 stack frames]]>
    </failure>
  </testcase> <!-- testReviewQueueSearchResults -->
</testsuite> <!-- ReviewQueue Search -->
