<html>
<head>
<title>TestNG:  ReviewQueue Search</title>
<link href="../testng.css" rel="stylesheet" type="text/css" />
<link href="../my-testng.css" rel="stylesheet" type="text/css" />

<style type="text/css">
.log { display: none;} 
.stack-trace { display: none;} 
</style>
<script type="text/javascript">
<!--
function flip(e) {
  current = e.style.display;
  if (current == 'block') {
    e.style.display = 'none';
    return 0;
  }
  else {
    e.style.display = 'block';
    return 1;
  }
}

function toggleBox(szDivId, elem, msg1, msg2)
{
  var res = -1;  if (document.getElementById) {
    res = flip(document.getElementById(szDivId));
  }
  else if (document.all) {
    // this is the way old msie versions work
    res = flip(document.all[szDivId]);
  }
  if(elem) {
    if(res == 0) elem.innerHTML = msg1; else elem.innerHTML = msg2;
  }

}

function toggleAllBoxes() {
  if (document.getElementsByTagName) {
    d = document.getElementsByTagName('div');
    for (i = 0; i < d.length; i++) {
      if (d[i].className == 'log') {
        flip(d[i]);
      }
    }
  }
}

// -->
</script>

</head>
<body>
<h2 align='center'>ReviewQueue Search</h2><table border='1' align="center">
<tr>
<td>Tests passed/Failed/Skipped:</td><td>5/3/0</td>
</tr><tr>
<td>Started on:</td><td>Mon Jun 20 15:22:32 IST 2016</td>
</tr>
<tr><td>Total time:</td><td>110 seconds (110029 ms)</td>
</tr><tr>
<td>Included groups:</td><td></td>
</tr><tr>
<td>Excluded groups:</td><td></td>
</tr>
</table><p/>
<small><i>(Hover the method name to see the test class name)</i></small><p/>
<table width='100%' border='1' class='invocation-failed'>
<tr><td colspan='4' align='center'><b>FAILED TESTS</b></td></tr>
<tr><td><b>Test method</b></td>
<td width="30%"><b>Exception</b></td>
<td width="10%"><b>Time (seconds)</b></td>
<td><b>Instance</b></td>
</tr>
<tr>
<td title='test1.TestReviewQueueResults.testReviewQueueSearchResults()'><b>testReviewQueueSearchResults</b><br>Test class: test1.TestReviewQueueResults<br>Parameters: 5, TESTCASE ::--><root><AttachmentName_value_webedit>Document</AttachmentName_value_webedit><CSTypeValue_value_webedit>IR</CSTypeValue_value_webedit><DateFieldName_value_combobox>SENT</DateFieldName_value_combobox><DateRangeWithin_DateRangevalue_radio>true</DateRangeWithin_DateRangevalue_radio><OpenAttachmentName_value_webedit>true</OpenAttachmentName_value_webedit><ResultsLimit_value_webedit>20000</ResultsLimit_value_webedit><SampledMG_value_webedit>1</SampledMG_value_webedit><SearchType_value_radio>0</SearchType_value_radio><StartDate_value_webedit>1%2F01%2F1987</StartDate_value_webedit><UseActualRep_value_checkbox>true</UseActualRep_value_checkbox><UseAdvancedReviewQueue_value_checkbox>false</UseAdvancedReviewQueue_value_checkbox><UseExtendedReviewQueue_value_checkbox>false</UseExtendedReviewQueue_value_checkbox></root><br/>
<a href="#Output-352598575" onClick='toggleBox("Output-352598575", this, "Show output", "Hide output");'>Show output</a>

<a href="#Output-352598575" onClick="toggleAllBoxes();">Show all outputs</a>
<div class='log' id="Output-352598575">
STEP5<br/>
</div>
</td>
<td><div><pre>java.lang.AssertionError: Actual Results::::0Expected Results2
	at SupervisorAPI.ReviewQueueSearch.compare_hped_kwys(Unknown Source)
	at test1.TestReviewQueueResults.testReviewQueueSearchResults(Unknown Source)
... Removed 25 stack frames</pre></div><a href='#' onClick='toggleBox("stack-trace352598575", this, "Click to show all stack frames", "Click to hide stack frames")'>Click to show all stack frames</a>
<div class='stack-trace' id='stack-trace352598575'><pre>java.lang.AssertionError: Actual Results::::0Expected Results2
	at org.testng.Assert.fail(Assert.java:94)
	at SupervisorAPI.ReviewQueueSearch.compare_hped_kwys(Unknown Source)
	at test1.TestReviewQueueResults.testReviewQueueSearchResults(Unknown Source)
	at sun.reflect.NativeMethodAccessorImpl.invoke0(Native Method)
	at sun.reflect.NativeMethodAccessorImpl.invoke(NativeMethodAccessorImpl.java:62)
	at sun.reflect.DelegatingMethodAccessorImpl.invoke(DelegatingMethodAccessorImpl.java:43)
	at java.lang.reflect.Method.invoke(Method.java:483)
	at org.testng.internal.MethodInvocationHelper.invokeMethod(MethodInvocationHelper.java:84)
	at org.testng.internal.Invoker.invokeMethod(Invoker.java:714)
	at org.testng.internal.Invoker.invokeTestMethod(Invoker.java:901)
	at org.testng.internal.Invoker.invokeTestMethods(Invoker.java:1231)
	at org.testng.internal.TestMethodWorker.invokeTestMethods(TestMethodWorker.java:127)
	at org.testng.internal.TestMethodWorker.run(TestMethodWorker.java:111)
	at org.testng.TestRunner.privateRun(TestRunner.java:767)
	at org.testng.TestRunner.run(TestRunner.java:617)
	at org.testng.SuiteRunner.runTest(SuiteRunner.java:334)
	at org.testng.SuiteRunner.runSequentially(SuiteRunner.java:329)
	at org.testng.SuiteRunner.privateRun(SuiteRunner.java:291)
	at org.testng.SuiteRunner.run(SuiteRunner.java:240)
	at org.testng.SuiteRunnerWorker.runSuite(SuiteRunnerWorker.java:52)
	at org.testng.SuiteRunnerWorker.run(SuiteRunnerWorker.java:86)
	at org.testng.TestNG.runSuitesSequentially(TestNG.java:1224)
	at org.testng.TestNG.runSuitesSequentially(TestNG.java:1220)
	at org.testng.TestNG.runSuitesLocally(TestNG.java:1149)
	at org.testng.TestNG.run(TestNG.java:1057)
	at org.testng.TestNG.privateMain(TestNG.java:1364)
	at org.testng.TestNG.main(TestNG.java:1333)
</pre></div></td>
<td>6</td>
<td>test1.TestReviewQueueResults@643b1d11</td></tr>
<tr>
<td title='test1.TestReviewQueueResults.testReviewQueueSearchResults()'><b>testReviewQueueSearchResults</b><br>Test class: test1.TestReviewQueueResults<br>Parameters: 6, TESTCASE ::--><root><CSTypeValue_value_webedit>IR</CSTypeValue_value_webedit><DateFieldName_value_combobox>SENT</DateFieldName_value_combobox><DateRangeWithin_DateRangevalue_radio>true</DateRangeWithin_DateRangevalue_radio><ResultsLimit_value_webedit>20000</ResultsLimit_value_webedit><SampledMG_value_webedit>1</SampledMG_value_webedit><SearchType_value_radio>0</SearchType_value_radio><StartDate_value_webedit>1%2F01%2F1987</StartDate_value_webedit><SubjectSearch_value_webedit>FRE_C0143_additional%20index_6%20000%20pages</SubjectSearch_value_webedit><UseActualRep_value_checkbox>true</UseActualRep_value_checkbox><UseAdvancedReviewQueue_value_checkbox>false</UseAdvancedReviewQueue_value_checkbox><UseExtendedReviewQueue_value_checkbox>false</UseExtendedReviewQueue_value_checkbox></root><br/>
<a href="#Output-1617838096" onClick='toggleBox("Output-1617838096", this, "Show output", "Hide output");'>Show output</a>

<a href="#Output-1617838096" onClick="toggleAllBoxes();">Show all outputs</a>
<div class='log' id="Output-1617838096">
STEP6<br/>
</div>
</td>
<td><div><pre>java.lang.AssertionError: Actual Results::::0Expected Results37
	at SupervisorAPI.ReviewQueueSearch.compare_hped_kwys(Unknown Source)
	at test1.TestReviewQueueResults.testReviewQueueSearchResults(Unknown Source)
... Removed 25 stack frames</pre></div><a href='#' onClick='toggleBox("stack-trace1617838096", this, "Click to show all stack frames", "Click to hide stack frames")'>Click to show all stack frames</a>
<div class='stack-trace' id='stack-trace1617838096'><pre>java.lang.AssertionError: Actual Results::::0Expected Results37
	at org.testng.Assert.fail(Assert.java:94)
	at SupervisorAPI.ReviewQueueSearch.compare_hped_kwys(Unknown Source)
	at test1.TestReviewQueueResults.testReviewQueueSearchResults(Unknown Source)
	at sun.reflect.NativeMethodAccessorImpl.invoke0(Native Method)
	at sun.reflect.NativeMethodAccessorImpl.invoke(NativeMethodAccessorImpl.java:62)
	at sun.reflect.DelegatingMethodAccessorImpl.invoke(DelegatingMethodAccessorImpl.java:43)
	at java.lang.reflect.Method.invoke(Method.java:483)
	at org.testng.internal.MethodInvocationHelper.invokeMethod(MethodInvocationHelper.java:84)
	at org.testng.internal.Invoker.invokeMethod(Invoker.java:714)
	at org.testng.internal.Invoker.invokeTestMethod(Invoker.java:901)
	at org.testng.internal.Invoker.invokeTestMethods(Invoker.java:1231)
	at org.testng.internal.TestMethodWorker.invokeTestMethods(TestMethodWorker.java:127)
	at org.testng.internal.TestMethodWorker.run(TestMethodWorker.java:111)
	at org.testng.TestRunner.privateRun(TestRunner.java:767)
	at org.testng.TestRunner.run(TestRunner.java:617)
	at org.testng.SuiteRunner.runTest(SuiteRunner.java:334)
	at org.testng.SuiteRunner.runSequentially(SuiteRunner.java:329)
	at org.testng.SuiteRunner.privateRun(SuiteRunner.java:291)
	at org.testng.SuiteRunner.run(SuiteRunner.java:240)
	at org.testng.SuiteRunnerWorker.runSuite(SuiteRunnerWorker.java:52)
	at org.testng.SuiteRunnerWorker.run(SuiteRunnerWorker.java:86)
	at org.testng.TestNG.runSuitesSequentially(TestNG.java:1224)
	at org.testng.TestNG.runSuitesSequentially(TestNG.java:1220)
	at org.testng.TestNG.runSuitesLocally(TestNG.java:1149)
	at org.testng.TestNG.run(TestNG.java:1057)
	at org.testng.TestNG.privateMain(TestNG.java:1364)
	at org.testng.TestNG.main(TestNG.java:1333)
</pre></div></td>
<td>6</td>
<td>test1.TestReviewQueueResults@643b1d11</td></tr>
<tr>
<td title='test1.TestReviewQueueResults.testReviewQueueSearchResults()'><b>testReviewQueueSearchResults</b><br>Test class: test1.TestReviewQueueResults<br>Parameters: 8, TESTCASE ::--><root><DateFieldName_value_combobox>SENT</DateFieldName_value_combobox><DateRangeWithin_DateRangevalue_radio>true</DateRangeWithin_DateRangevalue_radio><ResultsLimit_value_webedit>20000</ResultsLimit_value_webedit><SampledMG_value_webedit>1</SampledMG_value_webedit><SearchType_value_radio>0</SearchType_value_radio><StartDate_value_webedit>1%2F01%2F1987</StartDate_value_webedit><UseActualRep_value_checkbox>true</UseActualRep_value_checkbox><UseAdvancedReviewQueue_value_checkbox>false</UseAdvancedReviewQueue_value_checkbox><UseExtendedReviewQueue_value_checkbox>false</UseExtendedReviewQueue_value_checkbox></root><br/>
<a href="#Output-1345483087" onClick='toggleBox("Output-1345483087", this, "Show output", "Hide output");'>Show output</a>

<a href="#Output-1345483087" onClick="toggleAllBoxes();">Show all outputs</a>
<div class='log' id="Output-1345483087">
STEP8<br/>
</div>
</td>
<td><div><pre>java.lang.AssertionError: Actual Results::::150Expected Results144
	at SupervisorAPI.ReviewQueueSearch.compare_hped_kwys(Unknown Source)
	at test1.TestReviewQueueResults.testReviewQueueSearchResults(Unknown Source)
... Removed 25 stack frames</pre></div><a href='#' onClick='toggleBox("stack-trace1345483087", this, "Click to show all stack frames", "Click to hide stack frames")'>Click to show all stack frames</a>
<div class='stack-trace' id='stack-trace1345483087'><pre>java.lang.AssertionError: Actual Results::::150Expected Results144
	at org.testng.Assert.fail(Assert.java:94)
	at SupervisorAPI.ReviewQueueSearch.compare_hped_kwys(Unknown Source)
	at test1.TestReviewQueueResults.testReviewQueueSearchResults(Unknown Source)
	at sun.reflect.NativeMethodAccessorImpl.invoke0(Native Method)
	at sun.reflect.NativeMethodAccessorImpl.invoke(NativeMethodAccessorImpl.java:62)
	at sun.reflect.DelegatingMethodAccessorImpl.invoke(DelegatingMethodAccessorImpl.java:43)
	at java.lang.reflect.Method.invoke(Method.java:483)
	at org.testng.internal.MethodInvocationHelper.invokeMethod(MethodInvocationHelper.java:84)
	at org.testng.internal.Invoker.invokeMethod(Invoker.java:714)
	at org.testng.internal.Invoker.invokeTestMethod(Invoker.java:901)
	at org.testng.internal.Invoker.invokeTestMethods(Invoker.java:1231)
	at org.testng.internal.TestMethodWorker.invokeTestMethods(TestMethodWorker.java:127)
	at org.testng.internal.TestMethodWorker.run(TestMethodWorker.java:111)
	at org.testng.TestRunner.privateRun(TestRunner.java:767)
	at org.testng.TestRunner.run(TestRunner.java:617)
	at org.testng.SuiteRunner.runTest(SuiteRunner.java:334)
	at org.testng.SuiteRunner.runSequentially(SuiteRunner.java:329)
	at org.testng.SuiteRunner.privateRun(SuiteRunner.java:291)
	at org.testng.SuiteRunner.run(SuiteRunner.java:240)
	at org.testng.SuiteRunnerWorker.runSuite(SuiteRunnerWorker.java:52)
	at org.testng.SuiteRunnerWorker.run(SuiteRunnerWorker.java:86)
	at org.testng.TestNG.runSuitesSequentially(TestNG.java:1224)
	at org.testng.TestNG.runSuitesSequentially(TestNG.java:1220)
	at org.testng.TestNG.runSuitesLocally(TestNG.java:1149)
	at org.testng.TestNG.run(TestNG.java:1057)
	at org.testng.TestNG.privateMain(TestNG.java:1364)
	at org.testng.TestNG.main(TestNG.java:1333)
</pre></div></td>
<td>5</td>
<td>test1.TestReviewQueueResults@643b1d11</td></tr>
</table><p>
<table width='100%' border='1' class='invocation-passed'>
<tr><td colspan='4' align='center'><b>PASSED TESTS</b></td></tr>
<tr><td><b>Test method</b></td>
<td width="30%"><b>Exception</b></td>
<td width="10%"><b>Time (seconds)</b></td>
<td><b>Instance</b></td>
</tr>
<tr>
<td title='test1.TestReviewQueueResults.testReviewQueueSearchResults()'><b>testReviewQueueSearchResults</b><br>Test class: test1.TestReviewQueueResults<br>Parameters: 1, TESTCASE ::--><root><CSTypeValue_value_webedit>IR</CSTypeValue_value_webedit><DateFieldName_value_combobox>SENT</DateFieldName_value_combobox><DateRangeWithin_DateRangevalue_radio>true</DateRangeWithin_DateRangevalue_radio><MatchPolicyFlag_value_checkbox>true</MatchPolicyFlag_value_checkbox><MatchPolicy_value_webedit>51</MatchPolicy_value_webedit><PolicyAndFlag_value_checkbox>true</PolicyAndFlag_value_checkbox><ResultsLimit_value_webedit>20000</ResultsLimit_value_webedit><SampledMG_value_webedit>1</SampledMG_value_webedit><SearchType_value_radio>0</SearchType_value_radio><StartDate_value_webedit>1%2F01%2F1987</StartDate_value_webedit><UseActualRep_value_checkbox>true</UseActualRep_value_checkbox><UseAdvancedReviewQueue_value_checkbox>false</UseAdvancedReviewQueue_value_checkbox><UseExtendedReviewQueue_value_checkbox>false</UseExtendedReviewQueue_value_checkbox></root><br/>
<a href="#Output-485937598" onClick='toggleBox("Output-485937598", this, "Show output", "Hide output");'>Show output</a>

<a href="#Output-485937598" onClick="toggleAllBoxes();">Show all outputs</a>
<div class='log' id="Output-485937598">
STEP1<br/>
</div>
</td>
<td></td>
<td>12</td>
<td>test1.TestReviewQueueResults@643b1d11</td></tr>
<tr>
<td title='test1.TestReviewQueueResults.testReviewQueueSearchResults()'><b>testReviewQueueSearchResults</b><br>Test class: test1.TestReviewQueueResults<br>Parameters: 2, TESTCASE ::--><root><CSTypeValue_value_webedit>IR</CSTypeValue_value_webedit><DateFieldName_value_combobox>SENT</DateFieldName_value_combobox><DateRangeWithin_DateRangevalue_radio>true</DateRangeWithin_DateRangevalue_radio><MailboxValue_value_combobox>999</MailboxValue_value_combobox><ResultsLimit_value_webedit>20000</ResultsLimit_value_webedit><SampledMG_value_webedit>1</SampledMG_value_webedit><SearchType_value_radio>0</SearchType_value_radio><StartDate_value_webedit>1%2F01%2F1987</StartDate_value_webedit><UseActualRep_value_checkbox>true</UseActualRep_value_checkbox><UseAdvancedReviewQueue_value_checkbox>false</UseAdvancedReviewQueue_value_checkbox><UseExtendedReviewQueue_value_checkbox>false</UseExtendedReviewQueue_value_checkbox></root><br/>
<a href="#Output-1807648168" onClick='toggleBox("Output-1807648168", this, "Show output", "Hide output");'>Show output</a>

<a href="#Output-1807648168" onClick="toggleAllBoxes();">Show all outputs</a>
<div class='log' id="Output-1807648168">
STEP2<br/>
</div>
</td>
<td></td>
<td>11</td>
<td>test1.TestReviewQueueResults@643b1d11</td></tr>
<tr>
<td title='test1.TestReviewQueueResults.testReviewQueueSearchResults()'><b>testReviewQueueSearchResults</b><br>Test class: test1.TestReviewQueueResults<br>Parameters: 3, TESTCASE ::--><root><CSTypeValue_value_webedit>IR</CSTypeValue_value_webedit><DateFieldName_value_combobox>SENT</DateFieldName_value_combobox><DateRangeWithin_DateRangevalue_radio>true</DateRangeWithin_DateRangevalue_radio><ResultsLimit_value_webedit>20000</ResultsLimit_value_webedit><ReviewerGroupValue_value_combobox>999</ReviewerGroupValue_value_combobox><SearchType_value_radio>0</SearchType_value_radio><StartDate_value_webedit>1%2F01%2F1987</StartDate_value_webedit><UseActualRep_value_checkbox>true</UseActualRep_value_checkbox><UseAdvancedReviewQueue_value_checkbox>false</UseAdvancedReviewQueue_value_checkbox><UseExtendedReviewQueue_value_checkbox>false</UseExtendedReviewQueue_value_checkbox></root><br/>
<a href="#Output-212890971" onClick='toggleBox("Output-212890971", this, "Show output", "Hide output");'>Show output</a>

<a href="#Output-212890971" onClick="toggleAllBoxes();">Show all outputs</a>
<div class='log' id="Output-212890971">
STEP3<br/>
</div>
</td>
<td></td>
<td>11</td>
<td>test1.TestReviewQueueResults@643b1d11</td></tr>
<tr>
<td title='test1.TestReviewQueueResults.testReviewQueueSearchResults()'><b>testReviewQueueSearchResults</b><br>Test class: test1.TestReviewQueueResults<br>Parameters: 4, TESTCASE ::--><root><CSTypeValue_value_webedit>IR</CSTypeValue_value_webedit><DateFieldName_value_combobox>SENT</DateFieldName_value_combobox><DateRangeWithin_DateRangevalue_radio>true</DateRangeWithin_DateRangevalue_radio><FromParticipant_value_webedit>Chinese-Sender</FromParticipant_value_webedit><MatchingType_matvalue_combobox>1</MatchingType_matvalue_combobox><ResultsLimit_value_webedit>20000</ResultsLimit_value_webedit><SampledMG_value_webedit>1</SampledMG_value_webedit><SearchType_value_radio>0</SearchType_value_radio><StartDate_value_webedit>1%2F01%2F1987</StartDate_value_webedit><UseActualRep_value_checkbox>true</UseActualRep_value_checkbox><UseAdvancedReviewQueue_value_checkbox>false</UseAdvancedReviewQueue_value_checkbox><UseExtendedReviewQueue_value_checkbox>false</UseExtendedReviewQueue_value_checkbox></root><br/>
<a href="#Output-889891977" onClick='toggleBox("Output-889891977", this, "Show output", "Hide output");'>Show output</a>

<a href="#Output-889891977" onClick="toggleAllBoxes();">Show all outputs</a>
<div class='log' id="Output-889891977">
STEP4<br/>
</div>
</td>
<td></td>
<td>11</td>
<td>test1.TestReviewQueueResults@643b1d11</td></tr>
<tr>
<td title='test1.TestReviewQueueResults.testReviewQueueSearchResults()'><b>testReviewQueueSearchResults</b><br>Test class: test1.TestReviewQueueResults<br>Parameters: 7, TESTCASE ::--><root><CSTypeValue_value_webedit>IR</CSTypeValue_value_webedit><DateFieldName_value_combobox>SENT</DateFieldName_value_combobox><DateRangeWithin_DateRangevalue_radio>true</DateRangeWithin_DateRangevalue_radio><FlaggedPolicy1_value_combobox>50</FlaggedPolicy1_value_combobox><Flagged_value_checkbox>true</Flagged_value_checkbox><PolicyAndFlag_value_checkbox>true</PolicyAndFlag_value_checkbox><ResultsLimit_value_webedit>20000</ResultsLimit_value_webedit><SampledMG_value_webedit>1</SampledMG_value_webedit><SearchType_value_radio>0</SearchType_value_radio><StartDate_value_webedit>1%2F01%2F1987</StartDate_value_webedit><UseActualRep_value_checkbox>true</UseActualRep_value_checkbox><UseAdvancedReviewQueue_value_checkbox>false</UseAdvancedReviewQueue_value_checkbox><UseExtendedReviewQueue_value_checkbox>false</UseExtendedReviewQueue_value_checkbox></root><br/>
<a href="#Output-1528923159" onClick='toggleBox("Output-1528923159", this, "Show output", "Hide output");'>Show output</a>

<a href="#Output-1528923159" onClick="toggleAllBoxes();">Show all outputs</a>
<div class='log' id="Output-1528923159">
STEP7<br/>
</div>
</td>
<td></td>
<td>12</td>
<td>test1.TestReviewQueueResults@643b1d11</td></tr>
</table><p>
</body>
</html>