<?xml version="1.0" encoding="UTF-8"?>
<testng-results skipped="0" failed="3" total="10" passed="7">
  <reporter-output>
    <line>
      <![CDATA[STEP1]]>
    </line>
    <line>
      <![CDATA[STEP2]]>
    </line>
    <line>
      <![CDATA[STEP3]]>
    </line>
    <line>
      <![CDATA[STEP4]]>
    </line>
    <line>
      <![CDATA[STEP5]]>
    </line>
    <line>
      <![CDATA[STEP6]]>
    </line>
    <line>
      <![CDATA[STEP7]]>
    </line>
    <line>
      <![CDATA[STEP8]]>
    </line>
    <line>
      <![CDATA[STEP9]]>
    </line>
    <line>
      <![CDATA[STEP10]]>
    </line>
  </reporter-output>
  <suite name="Rev-Queue-Search Suite" duration-ms="110029" started-at="2016-06-20T09:52:32Z" finished-at="2016-06-20T09:54:22Z">
    <groups>
    </groups>
    <test name="ReviewQueue Search" duration-ms="110029" started-at="2016-06-20T09:52:32Z" finished-at="2016-06-20T09:54:22Z">
      <class name="test1.TestReviewQueueResults">
        <test-method status="PASS" signature="bsuite()[pri:0, instance:test1.TestReviewQueueResults@643b1d11]" name="bsuite" is-config="true" duration-ms="1920" started-at="2016-06-20T15:22:30Z" finished-at="2016-06-20T15:22:32Z">
          <reporter-output>
          </reporter-output>
        </test-method> <!-- bsuite -->
        <test-method status="PASS" signature="logintoSupervisor()[pri:0, instance:test1.TestReviewQueueResults@643b1d11]" name="logintoSupervisor" is-config="true" duration-ms="850" started-at="2016-06-20T15:22:32Z" finished-at="2016-06-20T15:22:33Z">
          <reporter-output>
          </reporter-output>
        </test-method> <!-- logintoSupervisor -->
        <test-method status="PASS" signature="testReviewQueueSearchResults(java.lang.String, java.lang.Object)[pri:0, instance:test1.TestReviewQueueResults@643b1d11]" name="testReviewQueueSearchResults" duration-ms="12602" started-at="2016-06-20T15:22:33Z" data-provider="test1" finished-at="2016-06-20T15:22:45Z">
          <params>
            <param index="0">
              <value>
                <![CDATA[1]]>
              </value>
            </param>
            <param index="1">
              <value>
                <![CDATA[TESTCASE ::--><root><CSTypeValue_value_webedit>IR</CSTypeValue_value_webedit><DateFieldName_value_combobox>SENT</DateFieldName_value_combobox><DateRangeWithin_DateRangevalue_radio>true</DateRangeWithin_DateRangevalue_radio><MatchPolicyFlag_value_checkbox>true</MatchPolicyFlag_value_checkbox><MatchPolicy_value_webedit>51</MatchPolicy_value_webedit><PolicyAndFlag_value_checkbox>true</PolicyAndFlag_value_checkbox><ResultsLimit_value_webedit>20000</ResultsLimit_value_webedit><SampledMG_value_webedit>1</SampledMG_value_webedit><SearchType_value_radio>0</SearchType_value_radio><StartDate_value_webedit>1%2F01%2F1987</StartDate_value_webedit><UseActualRep_value_checkbox>true</UseActualRep_value_checkbox><UseAdvancedReviewQueue_value_checkbox>false</UseAdvancedReviewQueue_value_checkbox><UseExtendedReviewQueue_value_checkbox>false</UseExtendedReviewQueue_value_checkbox></root>]]>
              </value>
            </param>
          </params>
          <reporter-output>
            <line>
              <![CDATA[STEP1]]>
            </line>
          </reporter-output>
        </test-method> <!-- testReviewQueueSearchResults -->
        <test-method status="PASS" signature="testReviewQueueSearchResults(java.lang.String, java.lang.Object)[pri:0, instance:test1.TestReviewQueueResults@643b1d11]" name="testReviewQueueSearchResults" duration-ms="11877" started-at="2016-06-20T15:22:45Z" data-provider="test1" finished-at="2016-06-20T15:22:57Z">
          <params>
            <param index="0">
              <value>
                <![CDATA[2]]>
              </value>
            </param>
            <param index="1">
              <value>
                <![CDATA[TESTCASE ::--><root><CSTypeValue_value_webedit>IR</CSTypeValue_value_webedit><DateFieldName_value_combobox>SENT</DateFieldName_value_combobox><DateRangeWithin_DateRangevalue_radio>true</DateRangeWithin_DateRangevalue_radio><MailboxValue_value_combobox>999</MailboxValue_value_combobox><ResultsLimit_value_webedit>20000</ResultsLimit_value_webedit><SampledMG_value_webedit>1</SampledMG_value_webedit><SearchType_value_radio>0</SearchType_value_radio><StartDate_value_webedit>1%2F01%2F1987</StartDate_value_webedit><UseActualRep_value_checkbox>true</UseActualRep_value_checkbox><UseAdvancedReviewQueue_value_checkbox>false</UseAdvancedReviewQueue_value_checkbox><UseExtendedReviewQueue_value_checkbox>false</UseExtendedReviewQueue_value_checkbox></root>]]>
              </value>
            </param>
          </params>
          <reporter-output>
            <line>
              <![CDATA[STEP2]]>
            </line>
          </reporter-output>
        </test-method> <!-- testReviewQueueSearchResults -->
        <test-method status="PASS" signature="testReviewQueueSearchResults(java.lang.String, java.lang.Object)[pri:0, instance:test1.TestReviewQueueResults@643b1d11]" name="testReviewQueueSearchResults" duration-ms="11858" started-at="2016-06-20T15:22:57Z" data-provider="test1" finished-at="2016-06-20T15:23:09Z">
          <params>
            <param index="0">
              <value>
                <![CDATA[3]]>
              </value>
            </param>
            <param index="1">
              <value>
                <![CDATA[TESTCASE ::--><root><CSTypeValue_value_webedit>IR</CSTypeValue_value_webedit><DateFieldName_value_combobox>SENT</DateFieldName_value_combobox><DateRangeWithin_DateRangevalue_radio>true</DateRangeWithin_DateRangevalue_radio><ResultsLimit_value_webedit>20000</ResultsLimit_value_webedit><ReviewerGroupValue_value_combobox>999</ReviewerGroupValue_value_combobox><SearchType_value_radio>0</SearchType_value_radio><StartDate_value_webedit>1%2F01%2F1987</StartDate_value_webedit><UseActualRep_value_checkbox>true</UseActualRep_value_checkbox><UseAdvancedReviewQueue_value_checkbox>false</UseAdvancedReviewQueue_value_checkbox><UseExtendedReviewQueue_value_checkbox>false</UseExtendedReviewQueue_value_checkbox></root>]]>
              </value>
            </param>
          </params>
          <reporter-output>
            <line>
              <![CDATA[STEP3]]>
            </line>
          </reporter-output>
        </test-method> <!-- testReviewQueueSearchResults -->
        <test-method status="PASS" signature="testReviewQueueSearchResults(java.lang.String, java.lang.Object)[pri:0, instance:test1.TestReviewQueueResults@643b1d11]" name="testReviewQueueSearchResults" duration-ms="11921" started-at="2016-06-20T15:23:09Z" data-provider="test1" finished-at="2016-06-20T15:23:21Z">
          <params>
            <param index="0">
              <value>
                <![CDATA[4]]>
              </value>
            </param>
            <param index="1">
              <value>
                <![CDATA[TESTCASE ::--><root><CSTypeValue_value_webedit>IR</CSTypeValue_value_webedit><DateFieldName_value_combobox>SENT</DateFieldName_value_combobox><DateRangeWithin_DateRangevalue_radio>true</DateRangeWithin_DateRangevalue_radio><FromParticipant_value_webedit>Chinese-Sender</FromParticipant_value_webedit><MatchingType_matvalue_combobox>1</MatchingType_matvalue_combobox><ResultsLimit_value_webedit>20000</ResultsLimit_value_webedit><SampledMG_value_webedit>1</SampledMG_value_webedit><SearchType_value_radio>0</SearchType_value_radio><StartDate_value_webedit>1%2F01%2F1987</StartDate_value_webedit><UseActualRep_value_checkbox>true</UseActualRep_value_checkbox><UseAdvancedReviewQueue_value_checkbox>false</UseAdvancedReviewQueue_value_checkbox><UseExtendedReviewQueue_value_checkbox>false</UseExtendedReviewQueue_value_checkbox></root>]]>
              </value>
            </param>
          </params>
          <reporter-output>
            <line>
              <![CDATA[STEP4]]>
            </line>
          </reporter-output>
        </test-method> <!-- testReviewQueueSearchResults -->
        <test-method status="FAIL" signature="testReviewQueueSearchResults(java.lang.String, java.lang.Object)[pri:0, instance:test1.TestReviewQueueResults@643b1d11]" name="testReviewQueueSearchResults" duration-ms="6606" started-at="2016-06-20T15:23:21Z" data-provider="test1" finished-at="2016-06-20T15:23:28Z">
          <params>
            <param index="0">
              <value>
                <![CDATA[5]]>
              </value>
            </param>
            <param index="1">
              <value>
                <![CDATA[TESTCASE ::--><root><AttachmentName_value_webedit>Document</AttachmentName_value_webedit><CSTypeValue_value_webedit>IR</CSTypeValue_value_webedit><DateFieldName_value_combobox>SENT</DateFieldName_value_combobox><DateRangeWithin_DateRangevalue_radio>true</DateRangeWithin_DateRangevalue_radio><OpenAttachmentName_value_webedit>true</OpenAttachmentName_value_webedit><ResultsLimit_value_webedit>20000</ResultsLimit_value_webedit><SampledMG_value_webedit>1</SampledMG_value_webedit><SearchType_value_radio>0</SearchType_value_radio><StartDate_value_webedit>1%2F01%2F1987</StartDate_value_webedit><UseActualRep_value_checkbox>true</UseActualRep_value_checkbox><UseAdvancedReviewQueue_value_checkbox>false</UseAdvancedReviewQueue_value_checkbox><UseExtendedReviewQueue_value_checkbox>false</UseExtendedReviewQueue_value_checkbox></root>]]>
              </value>
            </param>
          </params>
          <exception class="java.lang.AssertionError">
            <message>
              <![CDATA[Actual Results::::0Expected Results2]]>
            </message>
            <full-stacktrace>
              <![CDATA[java.lang.AssertionError: Actual Results::::0Expected Results2
	at org.testng.Assert.fail(Assert.java:94)
	at SupervisorAPI.ReviewQueueSearch.compare_hped_kwys(Unknown Source)
	at test1.TestReviewQueueResults.testReviewQueueSearchResults(Unknown Source)
	at sun.reflect.NativeMethodAccessorImpl.invoke0(Native Method)
	at sun.reflect.NativeMethodAccessorImpl.invoke(NativeMethodAccessorImpl.java:62)
	at sun.reflect.DelegatingMethodAccessorImpl.invoke(DelegatingMethodAccessorImpl.java:43)
	at java.lang.reflect.Method.invoke(Method.java:483)
	at org.testng.internal.MethodInvocationHelper.invokeMethod(MethodInvocationHelper.java:84)
	at org.testng.internal.Invoker.invokeMethod(Invoker.java:714)
	at org.testng.internal.Invoker.invokeTestMethod(Invoker.java:901)
	at org.testng.internal.Invoker.invokeTestMethods(Invoker.java:1231)
	at org.testng.internal.TestMethodWorker.invokeTestMethods(TestMethodWorker.java:127)
	at org.testng.internal.TestMethodWorker.run(TestMethodWorker.java:111)
	at org.testng.TestRunner.privateRun(TestRunner.java:767)
	at org.testng.TestRunner.run(TestRunner.java:617)
	at org.testng.SuiteRunner.runTest(SuiteRunner.java:334)
	at org.testng.SuiteRunner.runSequentially(SuiteRunner.java:329)
	at org.testng.SuiteRunner.privateRun(SuiteRunner.java:291)
	at org.testng.SuiteRunner.run(SuiteRunner.java:240)
	at org.testng.SuiteRunnerWorker.runSuite(SuiteRunnerWorker.java:52)
	at org.testng.SuiteRunnerWorker.run(SuiteRunnerWorker.java:86)
	at org.testng.TestNG.runSuitesSequentially(TestNG.java:1224)
	at org.testng.TestNG.runSuitesSequentially(TestNG.java:1220)
	at org.testng.TestNG.runSuitesLocally(TestNG.java:1149)
	at org.testng.TestNG.run(TestNG.java:1057)
	at org.testng.TestNG.privateMain(TestNG.java:1364)
	at org.testng.TestNG.main(TestNG.java:1333)
]]>
            </full-stacktrace>
          </exception> <!-- java.lang.AssertionError -->
          <reporter-output>
            <line>
              <![CDATA[STEP5]]>
            </line>
          </reporter-output>
        </test-method> <!-- testReviewQueueSearchResults -->
        <test-method status="FAIL" signature="testReviewQueueSearchResults(java.lang.String, java.lang.Object)[pri:0, instance:test1.TestReviewQueueResults@643b1d11]" name="testReviewQueueSearchResults" duration-ms="6489" started-at="2016-06-20T15:23:38Z" data-provider="test1" finished-at="2016-06-20T15:23:44Z">
          <params>
            <param index="0">
              <value>
                <![CDATA[6]]>
              </value>
            </param>
            <param index="1">
              <value>
                <![CDATA[TESTCASE ::--><root><CSTypeValue_value_webedit>IR</CSTypeValue_value_webedit><DateFieldName_value_combobox>SENT</DateFieldName_value_combobox><DateRangeWithin_DateRangevalue_radio>true</DateRangeWithin_DateRangevalue_radio><ResultsLimit_value_webedit>20000</ResultsLimit_value_webedit><SampledMG_value_webedit>1</SampledMG_value_webedit><SearchType_value_radio>0</SearchType_value_radio><StartDate_value_webedit>1%2F01%2F1987</StartDate_value_webedit><SubjectSearch_value_webedit>FRE_C0143_additional%20index_6%20000%20pages</SubjectSearch_value_webedit><UseActualRep_value_checkbox>true</UseActualRep_value_checkbox><UseAdvancedReviewQueue_value_checkbox>false</UseAdvancedReviewQueue_value_checkbox><UseExtendedReviewQueue_value_checkbox>false</UseExtendedReviewQueue_value_checkbox></root>]]>
              </value>
            </param>
          </params>
          <exception class="java.lang.AssertionError">
            <message>
              <![CDATA[Actual Results::::0Expected Results37]]>
            </message>
            <full-stacktrace>
              <![CDATA[java.lang.AssertionError: Actual Results::::0Expected Results37
	at org.testng.Assert.fail(Assert.java:94)
	at SupervisorAPI.ReviewQueueSearch.compare_hped_kwys(Unknown Source)
	at test1.TestReviewQueueResults.testReviewQueueSearchResults(Unknown Source)
	at sun.reflect.NativeMethodAccessorImpl.invoke0(Native Method)
	at sun.reflect.NativeMethodAccessorImpl.invoke(NativeMethodAccessorImpl.java:62)
	at sun.reflect.DelegatingMethodAccessorImpl.invoke(DelegatingMethodAccessorImpl.java:43)
	at java.lang.reflect.Method.invoke(Method.java:483)
	at org.testng.internal.MethodInvocationHelper.invokeMethod(MethodInvocationHelper.java:84)
	at org.testng.internal.Invoker.invokeMethod(Invoker.java:714)
	at org.testng.internal.Invoker.invokeTestMethod(Invoker.java:901)
	at org.testng.internal.Invoker.invokeTestMethods(Invoker.java:1231)
	at org.testng.internal.TestMethodWorker.invokeTestMethods(TestMethodWorker.java:127)
	at org.testng.internal.TestMethodWorker.run(TestMethodWorker.java:111)
	at org.testng.TestRunner.privateRun(TestRunner.java:767)
	at org.testng.TestRunner.run(TestRunner.java:617)
	at org.testng.SuiteRunner.runTest(SuiteRunner.java:334)
	at org.testng.SuiteRunner.runSequentially(SuiteRunner.java:329)
	at org.testng.SuiteRunner.privateRun(SuiteRunner.java:291)
	at org.testng.SuiteRunner.run(SuiteRunner.java:240)
	at org.testng.SuiteRunnerWorker.runSuite(SuiteRunnerWorker.java:52)
	at org.testng.SuiteRunnerWorker.run(SuiteRunnerWorker.java:86)
	at org.testng.TestNG.runSuitesSequentially(TestNG.java:1224)
	at org.testng.TestNG.runSuitesSequentially(TestNG.java:1220)
	at org.testng.TestNG.runSuitesLocally(TestNG.java:1149)
	at org.testng.TestNG.run(TestNG.java:1057)
	at org.testng.TestNG.privateMain(TestNG.java:1364)
	at org.testng.TestNG.main(TestNG.java:1333)
]]>
            </full-stacktrace>
          </exception> <!-- java.lang.AssertionError -->
          <reporter-output>
            <line>
              <![CDATA[STEP6]]>
            </line>
          </reporter-output>
        </test-method> <!-- testReviewQueueSearchResults -->
        <test-method status="PASS" signature="testReviewQueueSearchResults(java.lang.String, java.lang.Object)[pri:0, instance:test1.TestReviewQueueResults@643b1d11]" name="testReviewQueueSearchResults" duration-ms="12021" started-at="2016-06-20T15:23:54Z" data-provider="test1" finished-at="2016-06-20T15:24:06Z">
          <params>
            <param index="0">
              <value>
                <![CDATA[7]]>
              </value>
            </param>
            <param index="1">
              <value>
                <![CDATA[TESTCASE ::--><root><CSTypeValue_value_webedit>IR</CSTypeValue_value_webedit><DateFieldName_value_combobox>SENT</DateFieldName_value_combobox><DateRangeWithin_DateRangevalue_radio>true</DateRangeWithin_DateRangevalue_radio><FlaggedPolicy1_value_combobox>50</FlaggedPolicy1_value_combobox><Flagged_value_checkbox>true</Flagged_value_checkbox><PolicyAndFlag_value_checkbox>true</PolicyAndFlag_value_checkbox><ResultsLimit_value_webedit>20000</ResultsLimit_value_webedit><SampledMG_value_webedit>1</SampledMG_value_webedit><SearchType_value_radio>0</SearchType_value_radio><StartDate_value_webedit>1%2F01%2F1987</StartDate_value_webedit><UseActualRep_value_checkbox>true</UseActualRep_value_checkbox><UseAdvancedReviewQueue_value_checkbox>false</UseAdvancedReviewQueue_value_checkbox><UseExtendedReviewQueue_value_checkbox>false</UseExtendedReviewQueue_value_checkbox></root>]]>
              </value>
            </param>
          </params>
          <reporter-output>
            <line>
              <![CDATA[STEP7]]>
            </line>
          </reporter-output>
        </test-method> <!-- testReviewQueueSearchResults -->
        <test-method status="FAIL" signature="testReviewQueueSearchResults(java.lang.String, java.lang.Object)[pri:0, instance:test1.TestReviewQueueResults@643b1d11]" name="testReviewQueueSearchResults" duration-ms="5710" started-at="2016-06-20T15:24:06Z" data-provider="test1" finished-at="2016-06-20T15:24:12Z">
          <params>
            <param index="0">
              <value>
                <![CDATA[8]]>
              </value>
            </param>
            <param index="1">
              <value>
                <![CDATA[TESTCASE ::--><root><DateFieldName_value_combobox>SENT</DateFieldName_value_combobox><DateRangeWithin_DateRangevalue_radio>true</DateRangeWithin_DateRangevalue_radio><ResultsLimit_value_webedit>20000</ResultsLimit_value_webedit><SampledMG_value_webedit>1</SampledMG_value_webedit><SearchType_value_radio>0</SearchType_value_radio><StartDate_value_webedit>1%2F01%2F1987</StartDate_value_webedit><UseActualRep_value_checkbox>true</UseActualRep_value_checkbox><UseAdvancedReviewQueue_value_checkbox>false</UseAdvancedReviewQueue_value_checkbox><UseExtendedReviewQueue_value_checkbox>false</UseExtendedReviewQueue_value_checkbox></root>]]>
              </value>
            </param>
          </params>
          <exception class="java.lang.AssertionError">
            <message>
              <![CDATA[Actual Results::::150Expected Results144]]>
            </message>
            <full-stacktrace>
              <![CDATA[java.lang.AssertionError: Actual Results::::150Expected Results144
	at org.testng.Assert.fail(Assert.java:94)
	at SupervisorAPI.ReviewQueueSearch.compare_hped_kwys(Unknown Source)
	at test1.TestReviewQueueResults.testReviewQueueSearchResults(Unknown Source)
	at sun.reflect.NativeMethodAccessorImpl.invoke0(Native Method)
	at sun.reflect.NativeMethodAccessorImpl.invoke(NativeMethodAccessorImpl.java:62)
	at sun.reflect.DelegatingMethodAccessorImpl.invoke(DelegatingMethodAccessorImpl.java:43)
	at java.lang.reflect.Method.invoke(Method.java:483)
	at org.testng.internal.MethodInvocationHelper.invokeMethod(MethodInvocationHelper.java:84)
	at org.testng.internal.Invoker.invokeMethod(Invoker.java:714)
	at org.testng.internal.Invoker.invokeTestMethod(Invoker.java:901)
	at org.testng.internal.Invoker.invokeTestMethods(Invoker.java:1231)
	at org.testng.internal.TestMethodWorker.invokeTestMethods(TestMethodWorker.java:127)
	at org.testng.internal.TestMethodWorker.run(TestMethodWorker.java:111)
	at org.testng.TestRunner.privateRun(TestRunner.java:767)
	at org.testng.TestRunner.run(TestRunner.java:617)
	at org.testng.SuiteRunner.runTest(SuiteRunner.java:334)
	at org.testng.SuiteRunner.runSequentially(SuiteRunner.java:329)
	at org.testng.SuiteRunner.privateRun(SuiteRunner.java:291)
	at org.testng.SuiteRunner.run(SuiteRunner.java:240)
	at org.testng.SuiteRunnerWorker.runSuite(SuiteRunnerWorker.java:52)
	at org.testng.SuiteRunnerWorker.run(SuiteRunnerWorker.java:86)
	at org.testng.TestNG.runSuitesSequentially(TestNG.java:1224)
	at org.testng.TestNG.runSuitesSequentially(TestNG.java:1220)
	at org.testng.TestNG.runSuitesLocally(TestNG.java:1149)
	at org.testng.TestNG.run(TestNG.java:1057)
	at org.testng.TestNG.privateMain(TestNG.java:1364)
	at org.testng.TestNG.main(TestNG.java:1333)
]]>
            </full-stacktrace>
          </exception> <!-- java.lang.AssertionError -->
          <reporter-output>
            <line>
              <![CDATA[STEP8]]>
            </line>
          </reporter-output>
        </test-method> <!-- testReviewQueueSearchResults -->
      </class> <!-- test1.TestReviewQueueResults -->
    </test> <!-- ReviewQueue Search -->
  </suite> <!-- Rev-Queue-Search Suite -->
  <suite name="All Process-i18N Suite" duration-ms="25782" started-at="2016-06-20T09:54:22Z" finished-at="2016-06-20T09:54:48Z">
    <groups>
    </groups>
    <test name="All Process i18N Search" duration-ms="25782" started-at="2016-06-20T09:54:22Z" finished-at="2016-06-20T09:54:48Z">
      <class name="test1.TestAllProcessi18NSearchResults">
        <test-method status="PASS" signature="bsuite()[pri:0, instance:test1.TestAllProcessi18NSearchResults@18be83e4]" name="bsuite" is-config="true" duration-ms="312" started-at="2016-06-20T15:24:22Z" finished-at="2016-06-20T15:24:22Z">
          <reporter-output>
          </reporter-output>
        </test-method> <!-- bsuite -->
        <test-method status="PASS" signature="logintoSupervisor()[pri:0, instance:test1.TestAllProcessi18NSearchResults@18be83e4]" name="logintoSupervisor" is-config="true" duration-ms="374" started-at="2016-06-20T15:24:22Z" finished-at="2016-06-20T15:24:23Z">
          <reporter-output>
          </reporter-output>
        </test-method> <!-- logintoSupervisor -->
        <test-method status="PASS" signature="testAllProcessi18NSearchResults(java.lang.String, java.lang.Object)[pri:0, instance:test1.TestAllProcessi18NSearchResults@18be83e4]" name="testAllProcessi18NSearchResults" duration-ms="12678" started-at="2016-06-20T15:24:23Z" data-provider="test1" finished-at="2016-06-20T15:24:35Z">
          <params>
            <param index="0">
              <value>
                <![CDATA[1]]>
              </value>
            </param>
            <param index="1">
              <value>
                <![CDATA[TESTCASE ::--><root><CSTypeValue_value_webedit>IR</CSTypeValue_value_webedit><ChineseMailboxValue_value_combobox>719</ChineseMailboxValue_value_combobox><ChineseSubject_value_combobox>%E9%BB%84%E5%9C%A3%E4%BE%9D%E7%BA%A2%E8%A1%A3%E9%BB%84%E5%9C%A3%E4%BE%9D%E7%BA%A2%E8%A1%A3%E4%BA%AE%E7%9B%B8%E4%BA%AE%E7%9B%B8</ChineseSubject_value_combobox><DateFieldName_value_combobox>SENT</DateFieldName_value_combobox><DateRangeWithin_DateRangevalue_radio>true</DateRangeWithin_DateRangevalue_radio><ResultsLimit_value_webedit>20000</ResultsLimit_value_webedit><SampledMG_value_webedit>1</SampledMG_value_webedit><SearchType_value_radio>1</SearchType_value_radio><StartDate_value_webedit>1%2F01%2F1987</StartDate_value_webedit><UseAdvancedAllProcess_value_checkbox>true</UseAdvancedAllProcess_value_checkbox><UseExtendedAllProcess_value_checkbox>false</UseExtendedAllProcess_value_checkbox></root>]]>
              </value>
            </param>
          </params>
          <reporter-output>
            <line>
              <![CDATA[STEP9]]>
            </line>
          </reporter-output>
        </test-method> <!-- testAllProcessi18NSearchResults -->
        <test-method status="PASS" signature="testAllProcessi18NSearchResults(java.lang.String, java.lang.Object)[pri:0, instance:test1.TestAllProcessi18NSearchResults@18be83e4]" name="testAllProcessi18NSearchResults" duration-ms="12714" started-at="2016-06-20T15:24:35Z" data-provider="test1" finished-at="2016-06-20T15:24:48Z">
          <params>
            <param index="0">
              <value>
                <![CDATA[2]]>
              </value>
            </param>
            <param index="1">
              <value>
                <![CDATA[TESTCASE ::--><root><CSTypeValue_value_webedit>IR</CSTypeValue_value_webedit><DateFieldName_value_combobox>SENT</DateFieldName_value_combobox><DateRangeWithin_DateRangevalue_radio>true</DateRangeWithin_DateRangevalue_radio><JapaneseMailboxValue_value_combobox>723</JapaneseMailboxValue_value_combobox><JapaneseSubject_value_combobox>JPN_C0150_additional%20index_%E6%AF%8E%E9%80%B1%20FOLLOWEDBY%20%E6%97%A5%E6%9C%AC%E7%B6%93%E6%BF%9F%E6%96%B0%E8%81%9E</JapaneseSubject_value_combobox><ResultsLimit_value_webedit>20000</ResultsLimit_value_webedit><SampledMG_value_webedit>1</SampledMG_value_webedit><SearchType_value_radio>1</SearchType_value_radio><StartDate_value_webedit>1%2F01%2F1987</StartDate_value_webedit><UseAdvancedAllProcess_value_checkbox>true</UseAdvancedAllProcess_value_checkbox><UseExtendedAllProcess_value_checkbox>false</UseExtendedAllProcess_value_checkbox></root>]]>
              </value>
            </param>
          </params>
          <reporter-output>
            <line>
              <![CDATA[STEP10]]>
            </line>
          </reporter-output>
        </test-method> <!-- testAllProcessi18NSearchResults -->
      </class> <!-- test1.TestAllProcessi18NSearchResults -->
    </test> <!-- All Process i18N Search -->
  </suite> <!-- All Process-i18N Suite -->
  <suite name="Supervisor API(HTTP request) Automation Suite" duration-ms="0" started-at="2016-06-20T09:54:49Z" finished-at="2016-06-20T09:54:49Z">
    <groups>
    </groups>
  </suite> <!-- Supervisor API(HTTP request) Automation Suite -->
</testng-results>
